[ 2023-08-01T16:01:24+08:00 ] 
[ INFO ] 'To: 137691250@qq.com
From: 137691250@qq.com
Subject: =?utf-8?Q?=E9=82=AE=E4=BB=B6=E4=B8=BB=E9=A2=98?=
'
[ 2023-08-01T16:01:25+08:00 ] 
[ ERROR ] Failed to authenticate on SMTP server with username "137691250@qq.com " using the following authenticators: "LOGIN". Authenticator "LOGIN" returned "Expected response code "235" but got code "535", with message "535 Login Fail. Please enter your authorization code to login. More information in http://service.mail.qq.com/cgi-bin/help?subtype=1&&id=28&&no=1001256".".
[ 2023-08-01T16:02:44+08:00 ] 
[ INFO ] 'To: 137691250@qq.com
From: 137691250@qq.com
Subject: =?utf-8?Q?=E9=82=AE=E4=BB=B6=E4=B8=BB=E9=A2=98?=
'
[ 2023-08-01T16:02:44+08:00 ] 
[ ERROR ] Failed to authenticate on SMTP server with username "137691250@qq.com " using the following authenticators: "LOGIN". Authenticator "LOGIN" returned "Expected response code "235" but got code "535", with message "535 Login Fail. Please enter your authorization code to login. More information in http://service.mail.qq.com/cgi-bin/help?subtype=1&&id=28&&no=1001256".".
[ 2023-08-01T16:03:03+08:00 ] 
[ INFO ] 'To: 137691250@qq.com
From: 137691250@qq.com
Subject: =?utf-8?Q?=E9=82=AE=E4=BB=B6=E4=B8=BB=E9=A2=98?=
'
[ 2023-08-01T16:03:03+08:00 ] 
[ ERROR ] Failed to authenticate on SMTP server with username "137691250@qq.com " using the following authenticators: "LOGIN". Authenticator "LOGIN" returned "Expected response code "235" but got code "535", with message "535 Login Fail. Please enter your authorization code to login. More information in http://service.mail.qq.com/cgi-bin/help?subtype=1&&id=28&&no=1001256".".
[ 2023-08-01T16:03:18+08:00 ] 
[ INFO ] 'To: 137691250@qq.com
From: 137691250@qq.com
Subject: =?utf-8?Q?=E9=82=AE=E4=BB=B6=E4=B8=BB=E9=A2=98?=
'
[ 2023-08-01T16:03:26+08:00 ] 
[ INFO ] 'To: 137691250@qq.com
From: 137691250@qq.com
Subject: =?utf-8?Q?=E9=82=AE=E4=BB=B6=E4=B8=BB=E9=A2=98?=
'
[ 2023-08-01T16:04:20+08:00 ] 
[ INFO ] 'To: 137691250@qq.com
From: 137691250@qq.com
Subject: =?utf-8?Q?=E9=82=AE=E4=BB=B6=E4=B8=BB=E9=A2=98?=
'
[ 2023-08-01T16:04:27+08:00 ] 
[ INFO ] 'To: 137691250@qq.com
From: 137691250@qq.com
Subject: =?utf-8?Q?=E9=82=AE=E4=BB=B6=E4=B8=BB=E9=A2=98?=
'
[ 2023-08-01T16:04:41+08:00 ] 
[ INFO ] 'To: 137691250@qq.com
From: 137691250@qq.com
Subject: =?utf-8?Q?=E9=82=AE=E4=BB=B6=E4=B8=BB=E9=A2=98?=
'
[ 2023-08-01T16:09:58+08:00 ] 
[ ERROR ] Expected response code "250" but got code "502", with message "502 Invalid paramenters".
[ 2023-08-01T16:25:24+08:00 ] 
[ ERROR ] Expected response code "250" but got code "501", with message "501 Mail from address must be same as authorization user.".
[ 2023-08-01T17:01:56+08:00 ] 
[ ERROR ] Expected response code "250" but got code "501", with message "501 Mail from address must be same as authorization user.".
